{"C:\\Users\\OcJunior\\Desktop\\testes-automatizados-main\\e-commerce\\src\\constants.js": {"path":"C:\\Users\\OcJunior\\Desktop\\testes-automatizados-main\\e-commerce\\src\\constants.js","statementMap":{"0":{"start":{"line":1,"column":0},"end":{"line":1,"column":26}},"1":{"start":{"line":5,"column":4},"end":{"line":5,"column":15}},"2":{"start":{"line":7,"column":0},"end":{"line":10,"column":1}}},"fnMap":{},"branchMap":{},"s":{"0":3,"1":3,"2":3},"f":{},"b":{},"_coverageSchema":"1a1c01bbd47fc00a2c39e90264f33305004495a9","hash":"60b3fbf7a5b563045b75fe0e7d723b6196e1aa34"}
,"C:\\Users\\OcJunior\\Desktop\\testes-automatizados-main\\e-commerce\\src\\database.js": {"path":"C:\\Users\\OcJunior\\Desktop\\testes-automatizados-main\\e-commerce\\src\\database.js","statementMap":{"0":{"start":{"line":1,"column":17},"end":{"line":1,"column":36}},"1":{"start":{"line":2,"column":22},"end":{"line":2,"column":44}},"2":{"start":{"line":4,"column":16},"end":{"line":12,"column":1}},"3":{"start":{"line":5,"column":2},"end":{"line":11,"column":3}},"4":{"start":{"line":6,"column":4},"end":{"line":6,"column":37}},"5":{"start":{"line":7,"column":4},"end":{"line":7,"column":37}},"6":{"start":{"line":9,"column":4},"end":{"line":9,"column":20}},"7":{"start":{"line":10,"column":4},"end":{"line":10,"column":29}},"8":{"start":{"line":14,"column":0},"end":{"line":14,"column":9}}},"fnMap":{"0":{"name":"(anonymous_0)","decl":{"start":{"line":4,"column":16},"end":{"line":4,"column":17}},"loc":{"start":{"line":4,"column":28},"end":{"line":12,"column":1}},"line":4}},"branchMap":{},"s":{"0":0,"1":0,"2":0,"3":0,"4":0,"5":0,"6":0,"7":0,"8":0},"f":{"0":0},"b":{}}
,"C:\\Users\\OcJunior\\Desktop\\testes-automatizados-main\\e-commerce\\src\\index.js": {"path":"C:\\Users\\OcJunior\\Desktop\\testes-automatizados-main\\e-commerce\\src\\index.js","statementMap":{"0":{"start":{"line":1,"column":0},"end":{"line":1,"column":21}},"1":{"start":{"line":2,"column":0},"end":{"line":2,"column":19}}},"fnMap":{},"branchMap":{},"s":{"0":0,"1":0},"f":{},"b":{}}
,"C:\\Users\\OcJunior\\Desktop\\testes-automatizados-main\\e-commerce\\src\\server.js": {"path":"C:\\Users\\OcJunior\\Desktop\\testes-automatizados-main\\e-commerce\\src\\server.js","statementMap":{"0":{"start":{"line":1,"column":26},"end":{"line":1,"column":51}},"1":{"start":{"line":2,"column":17},"end":{"line":2,"column":39}},"2":{"start":{"line":3,"column":16},"end":{"line":3,"column":34}},"3":{"start":{"line":4,"column":15},"end":{"line":4,"column":24}},"4":{"start":{"line":6,"column":0},"end":{"line":6,"column":26}},"5":{"start":{"line":8,"column":0},"end":{"line":8,"column":38}},"6":{"start":{"line":10,"column":0},"end":{"line":12,"column":2}},"7":{"start":{"line":11,"column":2},"end":{"line":11,"column":37}}},"fnMap":{"0":{"name":"(anonymous_0)","decl":{"start":{"line":10,"column":20},"end":{"line":10,"column":21}},"loc":{"start":{"line":10,"column":26},"end":{"line":12,"column":1}},"line":10}},"branchMap":{},"s":{"0":0,"1":0,"2":0,"3":0,"4":0,"5":0,"6":0,"7":0},"f":{"0":0},"b":{}}
,"C:\\Users\\OcJunior\\Desktop\\testes-automatizados-main\\e-commerce\\src\\controllers\\productDeleteController.js": {"path":"C:\\Users\\OcJunior\\Desktop\\testes-automatizados-main\\e-commerce\\src\\controllers\\productDeleteController.js","statementMap":{"0":{"start":{"line":1,"column":21},"end":{"line":1,"column":53}},"1":{"start":{"line":3,"column":32},"end":{"line":13,"column":1}},"2":{"start":{"line":4,"column":17},"end":{"line":4,"column":27}},"3":{"start":{"line":5,"column":2},"end":{"line":12,"column":3}},"4":{"start":{"line":6,"column":29},"end":{"line":6,"column":69}},"5":{"start":{"line":7,"column":6},"end":{"line":7,"column":31}},"6":{"start":{"line":9,"column":6},"end":{"line":9,"column":38}},"7":{"start":{"line":11,"column":6},"end":{"line":11,"column":23}},"8":{"start":{"line":15,"column":0},"end":{"line":15,"column":40}}},"fnMap":{"0":{"name":"(anonymous_0)","decl":{"start":{"line":3,"column":32},"end":{"line":3,"column":33}},"loc":{"start":{"line":3,"column":52},"end":{"line":13,"column":1}},"line":3}},"branchMap":{},"s":{"0":1,"1":1,"2":1,"3":1,"4":1,"5":1,"6":0,"7":0,"8":1},"f":{"0":1},"b":{},"_coverageSchema":"1a1c01bbd47fc00a2c39e90264f33305004495a9","hash":"fdfaabf64516351ebafe6dd5703cd02003e26cb3"}
,"C:\\Users\\OcJunior\\Desktop\\testes-automatizados-main\\e-commerce\\src\\controllers\\productGetAllController.js": {"path":"C:\\Users\\OcJunior\\Desktop\\testes-automatizados-main\\e-commerce\\src\\controllers\\productGetAllController.js","statementMap":{"0":{"start":{"line":1,"column":21},"end":{"line":1,"column":53}},"1":{"start":{"line":3,"column":32},"end":{"line":11,"column":1}},"2":{"start":{"line":4,"column":2},"end":{"line":10,"column":3}},"3":{"start":{"line":5,"column":24},"end":{"line":5,"column":49}},"4":{"start":{"line":6,"column":4},"end":{"line":6,"column":26}},"5":{"start":{"line":8,"column":4},"end":{"line":8,"column":36}},"6":{"start":{"line":9,"column":4},"end":{"line":9,"column":21}},"7":{"start":{"line":13,"column":0},"end":{"line":13,"column":40}}},"fnMap":{"0":{"name":"(anonymous_0)","decl":{"start":{"line":3,"column":32},"end":{"line":3,"column":33}},"loc":{"start":{"line":3,"column":52},"end":{"line":11,"column":1}},"line":3}},"branchMap":{},"s":{"0":1,"1":1,"2":1,"3":1,"4":1,"5":0,"6":0,"7":1},"f":{"0":1},"b":{},"_coverageSchema":"1a1c01bbd47fc00a2c39e90264f33305004495a9","hash":"80f80d903cced2890d184c3b9ba3b5c445011a67"}
,"C:\\Users\\OcJunior\\Desktop\\testes-automatizados-main\\e-commerce\\src\\controllers\\productGetIdController.js": {"path":"C:\\Users\\OcJunior\\Desktop\\testes-automatizados-main\\e-commerce\\src\\controllers\\productGetIdController.js","statementMap":{"0":{"start":{"line":1,"column":21},"end":{"line":1,"column":53}},"1":{"start":{"line":3,"column":31},"end":{"line":13,"column":1}},"2":{"start":{"line":4,"column":17},"end":{"line":4,"column":27}},"3":{"start":{"line":5,"column":2},"end":{"line":12,"column":3}},"4":{"start":{"line":6,"column":22},"end":{"line":6,"column":53}},"5":{"start":{"line":7,"column":6},"end":{"line":7,"column":24}},"6":{"start":{"line":9,"column":6},"end":{"line":9,"column":38}},"7":{"start":{"line":11,"column":6},"end":{"line":11,"column":23}},"8":{"start":{"line":15,"column":0},"end":{"line":15,"column":39}}},"fnMap":{"0":{"name":"(anonymous_0)","decl":{"start":{"line":3,"column":31},"end":{"line":3,"column":32}},"loc":{"start":{"line":3,"column":51},"end":{"line":13,"column":1}},"line":3}},"branchMap":{},"s":{"0":0,"1":0,"2":0,"3":0,"4":0,"5":0,"6":0,"7":0,"8":0},"f":{"0":0},"b":{}}
,"C:\\Users\\OcJunior\\Desktop\\testes-automatizados-main\\e-commerce\\src\\controllers\\productPostController.js": {"path":"C:\\Users\\OcJunior\\Desktop\\testes-automatizados-main\\e-commerce\\src\\controllers\\productPostController.js","statementMap":{"0":{"start":{"line":1,"column":21},"end":{"line":1,"column":53}},"1":{"start":{"line":3,"column":30},"end":{"line":12,"column":1}},"2":{"start":{"line":4,"column":26},"end":{"line":4,"column":34}},"3":{"start":{"line":5,"column":2},"end":{"line":11,"column":3}},"4":{"start":{"line":6,"column":23},"end":{"line":6,"column":65}},"5":{"start":{"line":7,"column":4},"end":{"line":7,"column":25}},"6":{"start":{"line":9,"column":4},"end":{"line":9,"column":36}},"7":{"start":{"line":10,"column":4},"end":{"line":10,"column":21}},"8":{"start":{"line":14,"column":0},"end":{"line":14,"column":38}}},"fnMap":{"0":{"name":"(anonymous_0)","decl":{"start":{"line":3,"column":30},"end":{"line":3,"column":31}},"loc":{"start":{"line":3,"column":50},"end":{"line":12,"column":1}},"line":3}},"branchMap":{},"s":{"0":1,"1":1,"2":1,"3":1,"4":1,"5":1,"6":0,"7":0,"8":1},"f":{"0":1},"b":{},"_coverageSchema":"1a1c01bbd47fc00a2c39e90264f33305004495a9","hash":"30db02d5587a677dfe7b8c542c5f9c75216d5462"}
,"C:\\Users\\OcJunior\\Desktop\\testes-automatizados-main\\e-commerce\\src\\models\\products.js": {"path":"C:\\Users\\OcJunior\\Desktop\\testes-automatizados-main\\e-commerce\\src\\models\\products.js","statementMap":{"0":{"start":{"line":1,"column":17},"end":{"line":1,"column":36}},"1":{"start":{"line":3,"column":22},"end":{"line":6,"column":2}},"2":{"start":{"line":8,"column":21},"end":{"line":8,"column":62}},"3":{"start":{"line":12,"column":0},"end":{"line":12,"column":29}}},"fnMap":{},"branchMap":{},"s":{"0":3,"1":3,"2":3,"3":3},"f":{},"b":{},"_coverageSchema":"1a1c01bbd47fc00a2c39e90264f33305004495a9","hash":"7216c31d5737db49f452e855eb139d249f9910d2"}
,"C:\\Users\\OcJunior\\Desktop\\testes-automatizados-main\\e-commerce\\src\\routes\\index.js": {"path":"C:\\Users\\OcJunior\\Desktop\\testes-automatizados-main\\e-commerce\\src\\routes\\index.js","statementMap":{"0":{"start":{"line":1,"column":22},"end":{"line":1,"column":43}},"1":{"start":{"line":3,"column":0},"end":{"line":3,"column":34}}},"fnMap":{},"branchMap":{},"s":{"0":0,"1":0},"f":{},"b":{}}
,"C:\\Users\\OcJunior\\Desktop\\testes-automatizados-main\\e-commerce\\src\\routes\\products.js": {"path":"C:\\Users\\OcJunior\\Desktop\\testes-automatizados-main\\e-commerce\\src\\routes\\products.js","statementMap":{"0":{"start":{"line":1,"column":19},"end":{"line":1,"column":37}},"1":{"start":{"line":2,"column":22},"end":{"line":2,"column":34}},"2":{"start":{"line":3,"column":21},"end":{"line":3,"column":53}},"3":{"start":{"line":4,"column":31},"end":{"line":4,"column":79}},"4":{"start":{"line":5,"column":30},"end":{"line":5,"column":77}},"5":{"start":{"line":6,"column":32},"end":{"line":6,"column":81}},"6":{"start":{"line":7,"column":32},"end":{"line":7,"column":81}},"7":{"start":{"line":9,"column":0},"end":{"line":9,"column":47}},"8":{"start":{"line":11,"column":0},"end":{"line":11,"column":49}},"9":{"start":{"line":13,"column":0},"end":{"line":13,"column":46}},"10":{"start":{"line":15,"column":0},"end":{"line":15,"column":53}},"11":{"start":{"line":17,"column":0},"end":{"line":29,"column":2}},"12":{"start":{"line":18,"column":15},"end":{"line":18,"column":28}},"13":{"start":{"line":19,"column":17},"end":{"line":19,"column":30}},"14":{"start":{"line":20,"column":18},"end":{"line":20,"column":32}},"15":{"start":{"line":22,"column":4},"end":{"line":28,"column":5}},"16":{"start":{"line":23,"column":31},"end":{"line":23,"column":88}},"17":{"start":{"line":24,"column":8},"end":{"line":24,"column":33}},"18":{"start":{"line":26,"column":8},"end":{"line":26,"column":40}},"19":{"start":{"line":27,"column":8},"end":{"line":27,"column":25}},"20":{"start":{"line":31,"column":0},"end":{"line":31,"column":30}}},"fnMap":{"0":{"name":"(anonymous_0)","decl":{"start":{"line":17,"column":26},"end":{"line":17,"column":27}},"loc":{"start":{"line":17,"column":46},"end":{"line":29,"column":1}},"line":17}},"branchMap":{},"s":{"0":0,"1":0,"2":0,"3":0,"4":0,"5":0,"6":0,"7":0,"8":0,"9":0,"10":0,"11":0,"12":0,"13":0,"14":0,"15":0,"16":0,"17":0,"18":0,"19":0,"20":0},"f":{"0":0},"b":{}}
,"C:\\Users\\OcJunior\\Desktop\\testes-automatizados-main\\e-commerce\\src\\services\\products.js": {"path":"C:\\Users\\OcJunior\\Desktop\\testes-automatizados-main\\e-commerce\\src\\services\\products.js","statementMap":{"0":{"start":{"line":1,"column":21},"end":{"line":1,"column":50}}},"fnMap":{},"branchMap":{},"s":{"0":0},"f":{},"b":{}}
}
